This is pdfTeX, Version 3.141592653-2.6-1.40.29 (MiKTeX 26.5) (preloaded format=pdflatex 2026.7.14)  14 JUL 2026 18:46
entering extended mode
 restricted \write18 enabled.
 %&-line parsing enabled.
**./artigo.tex
(artigo.tex
LaTeX2e <2026-06-01>
L3 programming layer <2026-05-26>
(C:\Program Files\MiKTeX\tex/latex/base\article.cls
Document Class: article 2025/01/22 v1.4n Standard LaTeX document class
(C:\Program Files\MiKTeX\tex/latex/base\size12.clo
File: size12.clo 2025/01/22 v1.4n Standard LaTeX file (size option)
)
\c@part=\count276
\c@section=\count277
\c@subsection=\count278
\c@subsubsection=\count279
\c@paragraph=\count280
\c@subparagraph=\count281
\c@figure=\count282
\c@table=\count283
\abovecaptionskip=\skip49
\belowcaptionskip=\skip50
\bibindent=\dimen150
)
(C:\Program Files\MiKTeX\tex/latex/base\inputenc.sty
Package: inputenc 2024/02/08 v1.3d Input encoding file
\inpenc@prehook=\toks17
\inpenc@posthook=\toks18
)
(C:\Program Files\MiKTeX\tex/latex/base\fontenc.sty
Package: fontenc 2025/07/18 v2.1d Standard LaTeX package
)
(C:\Program Files\MiKTeX\tex/latex/amsmath\amsmath.sty
Package: amsmath 2026/05/19 v2.18d AMS math features
\@mathmargin=\skip51

For additional information on amsmath, use the `?' option.
(C:\Program Files\MiKTeX\tex/latex/amsmath\amstext.sty
Package: amstext 2024/11/17 v2.01 AMS text

(C:\Program Files\MiKTeX\tex/latex/amsmath\amsgen.sty
File: amsgen.sty 1999/11/30 v2.0 generic functions
\@emptytoks=\toks19
\ex@=\dimen151
))
(C:\Program Files\MiKTeX\tex/latex/amsmath\amsbsy.sty
Package: amsbsy 1999/11/29 v1.2d Bold Symbols
\pmbraise@=\dimen152
)
(C:\Program Files\MiKTeX\tex/latex/amsmath\amsopn.sty
Package: amsopn 2022/04/08 v2.04 operator names
)
\inf@bad=\count284
LaTeX Info: Redefining \frac on input line 233.
\uproot@=\count285
\leftroot@=\count286
LaTeX Info: Redefining \overline on input line 398.
LaTeX Info: Redefining \colon on input line 409.
\classnum@=\count287
\DOTSCASE@=\count288
LaTeX Info: Redefining \ldots on input line 495.
LaTeX Info: Redefining \dots on input line 498.
LaTeX Info: Redefining \cdots on input line 619.
\Mathstrutbox@=\box53
\strutbox@=\box54
LaTeX Info: Redefining \big on input line 721.
LaTeX Info: Redefining \Big on input line 722.
LaTeX Info: Redefining \bigg on input line 723.
LaTeX Info: Redefining \Bigg on input line 724.
\big@size=\dimen153
LaTeX Font Info:    Redeclaring font encoding OML on input line 742.
LaTeX Font Info:    Redeclaring font encoding OMS on input line 743.
\macc@depth=\count289
LaTeX Info: Redefining \bmod on input line 904.
LaTeX Info: Redefining \pmod on input line 909.
LaTeX Info: Redefining \smash on input line 939.
LaTeX Info: Redefining \relbar on input line 969.
LaTeX Info: Redefining \Relbar on input line 970.
\c@MaxMatrixCols=\count290
\dotsspace@=\muskip17
\c@parentequation=\count291
\dspbrk@lvl=\count292
\tag@help=\toks20
\row@=\count293
\column@=\count294
\maxfields@=\count295
\andhelp@=\toks21
\eqnshift@=\dimen154
\alignsep@=\dimen155
\tagshift@=\dimen156
\tagwidth@=\dimen157
\totwidth@=\dimen158
\lineht@=\dimen159
\@envbody=\toks22
\multlinegap=\skip52
\multlinetaggap=\skip53
\mathdisplay@stack=\toks23
LaTeX Info: Redefining \[ on input line 2965.
LaTeX Info: Redefining \] on input line 2966.
)
(C:\Program Files\MiKTeX\tex/latex/amsfonts\amssymb.sty
Package: amssymb 2013/01/14 v3.01 AMS font symbols

(C:\Program Files\MiKTeX\tex/latex/amsfonts\amsfonts.sty
Package: amsfonts 2013/01/14 v3.01 Basic AMSFonts support
\symAMSa=\mathgroup4
\symAMSb=\mathgroup5
LaTeX Font Info:    Redeclaring math symbol \hbar on input line 98.
LaTeX Font Info:    Overwriting math alphabet `\mathfrak' in version `bold'
(Font)                  U/euf/m/n --> U/euf/b/n on input line 106.
))
(C:\Program Files\MiKTeX\tex/latex/amscls\amsthm.sty
Package: amsthm 2020/05/29 v2.20.6
\thm@style=\toks24
\thm@bodyfont=\toks25
\thm@headfont=\toks26
\thm@notefont=\toks27
\thm@headpunct=\toks28
\thm@preskip=\skip54
\thm@postskip=\skip55
\thm@headsep=\skip56
\dth@everypar=\toks29
)
(C:\Users\Andre\AppData\Roaming\MiKTeX\tex/latex/booktabs\booktabs.sty
Package: booktabs 2020/01/12 v1.61803398 Publication quality tables
\heavyrulewidth=\dimen160
\lightrulewidth=\dimen161
\cmidrulewidth=\dimen162
\belowrulesep=\dimen163
\belowbottomsep=\dimen164
\aboverulesep=\dimen165
\abovetopsep=\dimen166
\cmidrulesep=\dimen167
\cmidrulekern=\dimen168
\defaultaddspace=\dimen169
\@cmidla=\count296
\@cmidlb=\count297
\@aboverulesep=\dimen170
\@belowrulesep=\dimen171
\@thisruleclass=\count298
\@lastruleclass=\count299
\@thisrulewidth=\dimen172
)
\c@defn=\count300
\c@teo=\count301
\c@coro=\count302
\c@prop=\count303
\c@lema=\count304
\c@conj=\count305

(C:\Program Files\MiKTeX\tex/latex/l3backend\l3backend-pdftex.def
File: l3backend-pdftex.def 2026-02-18 L3 backend support: PDF output (pdfTeX)
\l__color_backend_stack_int=\count306
)
No file artigo.aux.
\openout1 = `artigo.aux'.

LaTeX Font Info:    Checking defaults for OML/cmm/m/it on input line 22.
LaTeX Font Info:    ... okay on input line 22.
LaTeX Font Info:    Checking defaults for OMS/cmsy/m/n on input line 22.
LaTeX Font Info:    ... okay on input line 22.
LaTeX Font Info:    Checking defaults for OT1/cmr/m/n on input line 22.
LaTeX Font Info:    ... okay on input line 22.
LaTeX Font Info:    Checking defaults for T1/cmr/m/n on input line 22.
LaTeX Font Info:    ... okay on input line 22.
LaTeX Font Info:    Checking defaults for TS1/cmr/m/n on input line 22.
LaTeX Font Info:    ... okay on input line 22.
LaTeX Font Info:    Checking defaults for OMX/cmex/m/n on input line 22.
LaTeX Font Info:    ... okay on input line 22.
LaTeX Font Info:    Checking defaults for U/cmr/m/n on input line 22.
LaTeX Font Info:    ... okay on input line 22.
LaTeX Font Info:    Trying to load font information for U+msa on input line 30.

(C:\Program Files\MiKTeX\tex/latex/amsfonts\umsa.fd
File: umsa.fd 2013/01/14 v3.01 AMS symbols A
)
LaTeX Font Info:    Trying to load font information for U+msb on input line 30.


(C:\Program Files\MiKTeX\tex/latex/amsfonts\umsb.fd
File: umsb.fd 2013/01/14 v3.01 AMS symbols B
) (artigo.toc [1

{C:/Users/Andre/AppData/Local/MiKTeX/fonts/map/pdftex/pdftex.map}{C:/Users/Andr
e/AppData/Roaming/MiKTeX/fonts/enc/dvips/cm-super/cm-super-t1.enc}])
\tf@toc=\write3
\openout3 = `artigo.toc'.


Overfull \hbox (9.2802pt too wide) detected at line 88
\OMS/cmsy/m/n/12 V \OT1/cmr/m/n/12 = \OMS/cmsy/m/n/12 f\OT1/cmr/m/n/12 1000\OML
/cmm/m/it/12 ;  \OT1/cmr/m/n/12 500\OML/cmm/m/it/12 ;  \OT1/cmr/m/n/12 200\OML/
cmm/m/it/12 ;  \OT1/cmr/m/n/12 120\OML/cmm/m/it/12 ;  \OT1/cmr/m/n/12 64\OML/cm
m/m/it/12 ;  \OT1/cmr/m/n/12 34\OML/cmm/m/it/12 ;  \OT1/cmr/m/n/12 32\OML/cmm/m
/it/12 ;  \OT1/cmr/m/n/12 30\OML/cmm/m/it/12 ;  \OT1/cmr/m/n/12 28\OML/cmm/m/it
/12 ;  \OT1/cmr/m/n/12 24\OML/cmm/m/it/12 ;  \OT1/cmr/m/n/12 20\OML/cmm/m/it/12
 ;  \OT1/cmr/m/n/12 18\OML/cmm/m/it/12 ;  \OT1/cmr/m/n/12 16\OML/cmm/m/it/12 ; 
 \OT1/cmr/m/n/12 12\OML/cmm/m/it/12 ;  \OT1/cmr/m/n/12 10\OML/cmm/m/it/12 ;  \O
T1/cmr/m/n/12 8\OML/cmm/m/it/12 ;  \OT1/cmr/m/n/12 6\OML/cmm/m/it/12 ;  \OT1/cm
r/m/n/12 4\OML/cmm/m/it/12 ;  \OT1/cmr/m/n/12 2\OMS/cmsy/m/n/12 g\OML/cmm/m/it/
12 :
 []

[2]

LaTeX Warning: Reference `sec:bench' on page 3 undefined on input line 134.


LaTeX Warning: Reference `tab:carmichael' on page 3 undefined on input line 149
.

[3{C:/Users/Andre/AppData/Roaming/MiKTeX/fonts/enc/dvips/cm-super/cm-super-ts1.
enc}]

LaTeX Warning: Reference `tab:bench' on page 4 undefined on input line 184.

[4]

LaTeX Warning: Reference `fig:fractal' on page 5 undefined on input line 250.

[5]
Overfull \hbox (8.36172pt too wide) in paragraph at lines 268--270
[]\T1/cmr/m/n/12 We gen-er-ated 50,000 con-sec-u-tive primes near $\OT1/cmr/m/n
/12 10[]$ \T1/cmr/m/n/12 us-ing \T1/cmtt/m/n/12 gmpy2 \T1/cmr/m/n/12 and counte
d
 []

[6]

LaTeX Warning: Reference `tab:liouville_cota' on page 7 undefined on input line
 359.


LaTeX Warning: Reference `fig:liouville_cota' on page 7 undefined on input line
 380.


LaTeX Warning: Reference `fig:liouville_envelope' on page 7 undefined on input 
line 392.

[7]
Overfull \hbox (21.78029pt too wide) in paragraph at lines 456--458
\T1/cmr/bx/n/12 Theorem 1 \T1/cmr/m/n/12 (Equiv-a-lence)\T1/cmr/bx/n/12 . \T1/c
mr/m/n/12 For non-trivial ze-ros of $\OML/cmm/m/it/12 ^^P\OT1/cmr/m/n/12 (\OML/
cmm/m/it/12 s\OT1/cmr/m/n/12 )$\T1/cmr/m/n/12 , the con-di-tion $\OML/cmm/m/it/
12 K\OT1/cmr/m/n/12 (\OML/cmm/m/it/12 s\OT1/cmr/m/n/12 )\OML/cmm/m/it/12 K\OT1/
cmr/m/n/12 (1 \OMS/cmsy/m/n/12 ^^@
 []

[8]

LaTeX Warning: Reference `prop:symmetry' on page 9 undefined on input line 463.



LaTeX Warning: Citation `rodgers-tao' on page 9 undefined on input line 485.


LaTeX Warning: Reference `prop:symmetry' on page 9 undefined on input line 514.



LaTeX Warning: Citation `rodgers-tao' on page 9 undefined on input line 516.

[9] [10] [11] (artigo.aux)
 ***********
LaTeX2e <2026-06-01>
L3 programming layer <2026-05-26>
 ***********


LaTeX Warning: There were undefined references.


LaTeX Warning: Label(s) may have changed. Rerun to get cross-references right.

 ) 
Here is how much of TeX's memory you used:
 2241 strings out of 467508
 30132 string characters out of 5418868
 447365 words of memory out of 5000000
 31486 multiletter control sequences out of 15000+600000
 646373 words of font info for 87 fonts, out of 8000000 for 9000
 1141 hyphenation exceptions out of 8191
 56i,12n,65p,295b,224s stack positions out of 10000i,1000n,20000p,200000b,200000s

pdfTeX warning: \pdfdraftmode enabled, not changing output pdf

PDF statistics:
 61 PDF objects out of 1000 (max. 8388607)
 0 named destinations out of 1000 (max. 500000)
 1 words of extra memory for PDF output out of 10000 (max. 10000000)

